2025-04-29 00:36:49 INFO: User created: alirezaNoshad
2025-05-02 01:47:51 INFO: User created: hadiBahadori
2025-05-02 01:54:25 INFO: User created: rezaBahadori
2025-05-02 02:00:29 INFO: User created: rezaBahadori
2025-05-02 02:01:42 INFO: User created: rezaBahadori
2025-05-02 02:03:56 INFO: User created: rezaBahadori
2025-05-02 18:41:44 INFO: User created: hadiBahadori
2025-05-02 18:42:18 INFO: User retrived: hadiBahadori
2025-05-02 20:05:51 INFO: User retrived: hadiBahadori
2025-05-02 20:13:28 INFO: User retrived: hadiBahadori
2025-05-02 20:14:05 INFO: User retrived: hadiBahadori
2025-05-02 20:14:13 INFO: User retrived: hadiBahadori
2025-05-02 20:14:14 INFO: User retrived: hadiBahadori
2025-05-02 20:14:14 INFO: User retrived: hadiBahadori
2025-05-02 20:14:15 INFO: User retrived: hadiBahadori
2025-05-02 23:47:22 INFO: User created: hadiBahadori
2025-05-02 23:59:33 INFO: User created: rezaBahadori
2025-05-03 00:01:00 INFO: User created: AmirHossein
2025-05-03 00:05:57 INFO: User created: mamadKohan
2025-05-03 00:06:47 INFO: User created: mamadKohan
2025-05-03 00:08:40 INFO: User created: mamadKohan
2025-05-03 00:10:01 INFO: User created: mamadKohan
2025-05-03 00:15:29 INFO: User created: mamadKohan
2025-05-03 00:19:23 INFO: User created: mamadKohan
2025-05-03 01:07:59 INFO: User retrived: hadiBahadori
2025-05-03 01:18:06 INFO: User retrived: hadiBahadori
2025-05-03 01:18:07 INFO: User retrived: hadiBahadori
2025-05-03 01:18:12 INFO: User retrived: hadiBahadori
2025-05-03 01:18:15 INFO: User retrived: hadiBahadori
2025-05-03 01:18:17 INFO: User retrived: hadiBahadori
2025-05-03 01:18:20 INFO: User retrived: hadiBahadori
2025-05-03 01:18:23 INFO: User retrived: hadiBahadori
2025-05-03 01:18:26 INFO: User retrived: hadiBahadori
2025-05-03 01:18:27 INFO: User retrived: hadiBahadori
2025-05-03 01:18:31 INFO: User retrived: hadiBahadori
2025-05-03 01:18:35 INFO: User retrived: hadiBahadori
2025-05-03 01:18:40 INFO: User retrived: hadiBahadori
2025-05-03 01:18:51 INFO: User retrived: hadiBahadori
2025-05-03 01:18:57 INFO: User retrived: hadiBahadori
2025-05-03 01:19:05 INFO: User retrived: hadiBahadori
2025-05-03 01:19:40 INFO: User retrived: hadiBahadori
2025-05-03 01:19:44 INFO: User retrived: hadiBahadori
2025-05-03 01:19:57 INFO: User retrived: hadiBahadori
2025-05-03 01:21:08 INFO: User retrived: hadiBahadori
2025-05-03 01:21:15 INFO: User retrived: hadiBahadori
2025-05-03 01:21:18 INFO: User retrived: hadiBahadori
2025-05-03 01:21:20 INFO: User retrived: hadiBahadori
2025-05-03 01:21:23 INFO: User retrived: hadiBahadori
2025-05-03 01:21:25 INFO: User retrived: hadiBahadori
2025-05-03 01:21:35 INFO: User retrived: hadiBahadori
2025-05-03 01:21:39 INFO: User retrived: hadiBahadori
2025-05-03 01:21:39 INFO: User retrived: hadiBahadori
2025-05-03 01:22:06 INFO: User retrived: hadiBahadori
2025-05-03 01:22:12 INFO: User retrived: hadiBahadori
2025-05-03 01:22:16 INFO: User retrived: hadiBahadori
2025-05-03 01:22:23 INFO: User retrived: hadiBahadori
2025-05-03 01:22:37 INFO: User retrived: hadiBahadori
2025-05-03 01:22:41 INFO: User retrived: hadiBahadori
2025-05-03 01:22:45 INFO: User retrived: hadiBahadori
2025-05-03 01:22:49 INFO: User retrived: hadiBahadori
2025-05-03 01:23:12 INFO: User retrived: hadiBahadori
2025-05-03 01:23:16 INFO: User retrived: hadiBahadori
2025-05-03 01:23:23 INFO: User retrived: hadiBahadori
2025-05-03 01:23:26 INFO: User retrived: hadiBahadori
2025-05-03 01:23:31 INFO: User retrived: hadiBahadori
2025-05-03 01:23:39 INFO: User retrived: hadiBahadori
2025-05-03 01:23:40 INFO: User retrived: hadiBahadori
2025-05-03 01:23:44 INFO: User retrived: hadiBahadori
2025-05-03 01:24:32 INFO: User retrived: hadiBahadori
2025-05-03 01:24:34 INFO: User retrived: hadiBahadori
2025-05-03 01:25:27 INFO: User retrived: hadiBahadori
2025-05-03 01:25:35 INFO: User retrived: hadiBahadori
2025-05-03 01:25:50 INFO: User retrived: hadiBahadori
2025-05-03 01:25:53 INFO: User retrived: hadiBahadori
2025-05-03 01:26:07 INFO: User retrived: hadiBahadori
2025-05-03 01:26:24 INFO: User retrived: hadiBahadori
2025-05-03 01:26:26 INFO: User retrived: hadiBahadori
2025-05-03 01:26:30 INFO: User retrived: hadiBahadori
2025-05-03 01:26:34 INFO: User retrived: hadiBahadori
